{"numFailedTestSuites":0,"numFailedTests":0,"numPassedTestSuites":4,"numPassedTests":39,"numPendingTestSuites":0,"numPendingTests":0,"numRuntimeErrorTestSuites":0,"numTodoTests":0,"numTotalTestSuites":4,"numTotalTests":39,"openHandles":[],"snapshot":{"added":0,"didUpdate":false,"failure":false,"filesAdded":0,"filesRemoved":0,"filesRemovedList":[],"filesUnmatched":0,"filesUpdated":0,"matched":0,"total":0,"unchecked":0,"uncheckedKeysByFile":[],"unmatched":0,"updated":0},"startTime":1746539815150,"success":true,"testResults":[{"assertionResults":[{"ancestorTitles":["AccountCard Component"],"failureMessages":[],"fullName":"AccountCard Component renders account details correctly","location":null,"status":"passed","title":"renders account details correctly"},{"ancestorTitles":["AccountCard Component"],"failureMessages":[],"fullName":"AccountCard Component renders gas account with correct icon","location":null,"status":"passed","title":"renders gas account with correct icon"},{"ancestorTitles":["AccountCard Component"],"failureMessages":[],"fullName":"AccountCard Component applies correct color to positive balance","location":null,"status":"passed","title":"applies correct color to positive balance"},{"ancestorTitles":["AccountCard Component"],"failureMessages":[],"fullName":"AccountCard Component applies correct color to negative balance","location":null,"status":"passed","title":"applies correct color to negative balance"},{"ancestorTitles":["AccountCard Component"],"failureMessages":[],"fullName":"AccountCard Component applies correct color to zero balance","location":null,"status":"passed","title":"applies correct color to zero balance"},{"ancestorTitles":["AccountCard Component"],"failureMessages":[],"fullName":"AccountCard Component enables payment button","location":null,"status":"passed","title":"enables payment button"},{"ancestorTitles":["AccountCard Component"],"failureMessages":[],"fullName":"AccountCard Component opens payment modal when button is clicked","location":null,"status":"passed","title":"opens payment modal when button is clicked"},{"ancestorTitles":["AccountCard Component"],"failureMessages":[],"fullName":"AccountCard Component closes payment modal when close button is clicked","location":null,"status":"passed","title":"closes payment modal when close button is clicked"},{"ancestorTitles":["AccountCard Component"],"failureMessages":[],"fullName":"AccountCard Component handles payment submission correctly","location":null,"status":"passed","title":"handles payment submission correctly"},{"ancestorTitles":["AccountCard Component"],"failureMessages":[],"fullName":"AccountCard Component handles null or undefined balance gracefully","location":null,"status":"passed","title":"handles null or undefined balance gracefully"},{"ancestorTitles":["AccountCard Component"],"failureMessages":[],"fullName":"AccountCard Component displays correct balance formatting for large numbers","location":null,"status":"passed","title":"displays correct balance formatting for large numbers"},{"ancestorTitles":["AccountCard Component"],"failureMessages":[],"fullName":"AccountCard Component handles different account types correctly","location":null,"status":"passed","title":"handles different account types correctly"}],"endTime":1746539818133,"message":"","name":"/Users/arshhvinayak/Desktop/Personal/CodeChallenge/code-challenge/codebase/frontend/src/components/AccountCard/AccountCard.test.tsx","startTime":1746539815842,"status":"passed","summary":""},{"assertionResults":[{"ancestorTitles":["PaymentModal Component"],"failureMessages":[],"fullName":"PaymentModal Component renders the payment form when open","location":null,"status":"passed","title":"renders the payment form when open"},{"ancestorTitles":["PaymentModal Component"],"failureMessages":[],"fullName":"PaymentModal Component does not render when closed","location":null,"status":"passed","title":"does not render when closed"},{"ancestorTitles":["PaymentModal Component"],"failureMessages":[],"fullName":"PaymentModal Component calls onClose when cancel button is clicked","location":null,"status":"passed","title":"calls onClose when cancel button is clicked"},{"ancestorTitles":["PaymentModal Component"],"failureMessages":[],"fullName":"PaymentModal Component validates form and shows errors for invalid inputs","location":null,"status":"passed","title":"validates form and shows errors for invalid inputs"},{"ancestorTitles":["PaymentModal Component"],"failureMessages":[],"fullName":"PaymentModal Component successfully submits payment with valid form data","location":null,"status":"passed","title":"successfully submits payment with valid form data"},{"ancestorTitles":["PaymentModal Component"],"failureMessages":[],"fullName":"PaymentModal Component handles payment failure gracefully","location":null,"status":"passed","title":"handles payment failure gracefully"},{"ancestorTitles":["PaymentModal Component"],"failureMessages":[],"fullName":"PaymentModal Component updates amount field when user changes the value","location":null,"status":"passed","title":"updates amount field when user changes the value"},{"ancestorTitles":["PaymentModal Component"],"failureMessages":[],"fullName":"PaymentModal Component validates card expiry date format","location":null,"status":"passed","title":"validates card expiry date format"},{"ancestorTitles":["PaymentModal Component"],"failureMessages":[],"fullName":"PaymentModal Component validates expired card and shows appropriate error","location":null,"status":"passed","title":"validates expired card and shows appropriate error"},{"ancestorTitles":["PaymentModal Component"],"failureMessages":[],"fullName":"PaymentModal Component validates card number format correctly","location":null,"status":"passed","title":"validates card number format correctly"},{"ancestorTitles":["PaymentModal Component"],"failureMessages":[],"fullName":"PaymentModal Component clears field error when user types in that field","location":null,"status":"passed","title":"clears field error when user types in that field"},{"ancestorTitles":["PaymentModal Component"],"failureMessages":[],"fullName":"PaymentModal Component tests close button in success view works correctly","location":null,"status":"passed","title":"tests close button in success view works correctly"},{"ancestorTitles":["PaymentModal Component"],"failureMessages":[],"fullName":"PaymentModal Component calls onClose when clicking the X button in header","location":null,"status":"passed","title":"calls onClose when clicking the X button in header"},{"ancestorTitles":["PaymentModal Component"],"failureMessages":[],"fullName":"PaymentModal Component resets state when modal reopens with a new account","location":null,"status":"passed","title":"resets state when modal reopens with a new account"}],"endTime":1746539818198,"message":"","name":"/Users/arshhvinayak/Desktop/Personal/CodeChallenge/code-challenge/codebase/frontend/src/components/PaymentModal/PaymentModal.test.tsx","startTime":1746539815842,"status":"passed","summary":""},{"assertionResults":[{"ancestorTitles":["PaymentHistoryPage"],"failureMessages":[],"fullName":"PaymentHistoryPage renders loading state initially","location":null,"status":"passed","title":"renders loading state initially"},{"ancestorTitles":["PaymentHistoryPage"],"failureMessages":[],"fullName":"PaymentHistoryPage renders payment history after loading","location":null,"status":"passed","title":"renders payment history after loading"},{"ancestorTitles":["PaymentHistoryPage"],"failureMessages":[],"fullName":"PaymentHistoryPage searches payments by account ID","location":null,"status":"passed","title":"searches payments by account ID"},{"ancestorTitles":["PaymentHistoryPage"],"failureMessages":[],"fullName":"PaymentHistoryPage searches payments by payment ID","location":null,"status":"passed","title":"searches payments by payment ID"},{"ancestorTitles":["PaymentHistoryPage"],"failureMessages":[],"fullName":"PaymentHistoryPage searches payments by reference","location":null,"status":"passed","title":"searches payments by reference"},{"ancestorTitles":["PaymentHistoryPage"],"failureMessages":[],"fullName":"PaymentHistoryPage displays error message when API call fails","location":null,"status":"passed","title":"displays error message when API call fails"},{"ancestorTitles":["PaymentHistoryPage"],"failureMessages":[],"fullName":"PaymentHistoryPage displays message when no payments match filter","location":null,"status":"passed","title":"displays message when no payments match filter"}],"endTime":1746539818299,"message":"","name":"/Users/arshhvinayak/Desktop/Personal/CodeChallenge/code-challenge/codebase/frontend/src/pages/PaymentHistoryPage/PaymentHistoryPage.test.tsx","startTime":1746539815842,"status":"passed","summary":""},{"assertionResults":[{"ancestorTitles":["AccountsPage"],"failureMessages":[],"fullName":"AccountsPage renders loading state initially","location":null,"status":"passed","title":"renders loading state initially"},{"ancestorTitles":["AccountsPage"],"failureMessages":[],"fullName":"AccountsPage renders accounts after loading","location":null,"status":"passed","title":"renders accounts after loading"},{"ancestorTitles":["AccountsPage"],"failureMessages":[],"fullName":"AccountsPage filters accounts by energy type","location":null,"status":"passed","title":"filters accounts by energy type"},{"ancestorTitles":["AccountsPage"],"failureMessages":[],"fullName":"AccountsPage filters accounts by address search","location":null,"status":"passed","title":"filters accounts by address search"},{"ancestorTitles":["AccountsPage"],"failureMessages":[],"fullName":"AccountsPage displays error message when API call fails","location":null,"status":"passed","title":"displays error message when API call fails"},{"ancestorTitles":["AccountsPage"],"failureMessages":[],"fullName":"AccountsPage displays message when no accounts match filters","location":null,"status":"passed","title":"displays message when no accounts match filters"}],"endTime":1746539818321,"message":"","name":"/Users/arshhvinayak/Desktop/Personal/CodeChallenge/code-challenge/codebase/frontend/src/pages/AccountsPage/AccountsPage.test.tsx","startTime":1746539815842,"status":"passed","summary":""}],"wasInterrupted":false}